# JRE version: Java(TM) SE Runtime Environment (9.0+11) (build 9.0.4+11)
# Java VM: Java HotSpot(TM) 64-Bit Server VM (9.0.4+11, mixed mode, tiered, compressed oops, g1 gc, windows-amd64)
Heap:
 garbage-first heap   total 237568K, used 112863K [0x0000000700000000, 0x0000000700100740, 0x00000007c0000000)
  region size 1024K, 41 young (41984K), 1 survivors (1024K)
 Metaspace       used 78589K, capacity 81048K, committed 85376K, reserved 1122304K
  class space    used 10437K, capacity 10926K, committed 11904K, reserved 1048576K
GC Heap History (10 events):
Event: 3670.549 GC heap before
{Heap before GC invocations=256 (full 95):
 garbage-first heap   total 237568K, used 133190K [0x0000000700000000, 0x0000000700100740, 0x00000007c0000000)
  region size 1024K, 60 young (61440K), 1 survivors (1024K)
 Metaspace       used 78505K, capacity 80984K, committed 85376K, reserved 1122304K
  class space    used 10437K, capacity 10926K, committed 11904K, reserved 1048576K
}
Event: 3670.552 GC heap after
{Heap after GC invocations=257 (full 95):
 garbage-first heap   total 237568K, used 72780K [0x0000000700000000, 0x0000000700100740, 0x00000007c0000000)
  region size 1024K, 1 young (1024K), 1 survivors (1024K)
 Metaspace       used 78505K, capacity 80984K, committed 85376K, reserved 1122304K
  class space    used 10437K, capacity 10926K, committed 11904K, reserved 1048576K
}
Event: 3675.599 GC heap before
{Heap before GC invocations=257 (full 95):
 garbage-first heap   total 237568K, used 133196K [0x0000000700000000, 0x0000000700100740, 0x00000007c0000000)
  region size 1024K, 60 young (61440K), 1 survivors (1024K)
 Metaspace       used 78510K, capacity 80984K, committed 85376K, reserved 1122304K
  class space    used 10437K, capacity 10926K, committed 11904K, reserved 1048576K
}
Event: 3675.608 GC heap after
{Heap after GC invocations=258 (full 95):
 garbage-first heap   total 237568K, used 72779K [0x0000000700000000, 0x0000000700100740, 0x00000007c0000000)
  region size 1024K, 1 young (1024K), 1 survivors (1024K)
 Metaspace       used 78510K, capacity 80984K, committed 85376K, reserved 1122304K
  class space    used 10437K, capacity 10926K, committed 11904K, reserved 1048576K
}
Event: 3688.485 GC heap before
{Heap before GC invocations=258 (full 95):
 garbage-first heap   total 237568K, used 133195K [0x0000000700000000, 0x0000000700100740, 0x00000007c0000000)
  region size 1024K, 60 young (61440K), 1 survivors (1024K)
 Metaspace       used 78528K, capacity 80984K, committed 85376K, reserved 1122304K
  class space    used 10437K, capacity 10926K, committed 11904K, reserved 1048576K
}
Event: 3688.488 GC heap after
{Heap after GC invocations=259 (full 95):
 garbage-first heap   total 237568K, used 72879K [0x0000000700000000, 0x0000000700100740, 0x00000007c0000000)
  region size 1024K, 1 young (1024K), 1 survivors (1024K)
 Metaspace       used 78528K, capacity 80984K, committed 85376K, reserved 1122304K
  class space    used 10437K, capacity 10926K, committed 11904K, reserved 1048576K
}
Event: 3688.634 GC heap before
{Heap before GC invocations=259 (full 95):
 garbage-first heap   total 237568K, used 133295K [0x0000000700000000, 0x0000000700100740, 0x00000007c0000000)
  region size 1024K, 60 young (61440K), 1 survivors (1024K)
 Metaspace       used 78530K, capacity 80984K, committed 85376K, reserved 1122304K
  class space    used 10437K, capacity 10926K, committed 11904K, reserved 1048576K
}
Event: 3688.638 GC heap after
{Heap after GC invocations=260 (full 95):
 garbage-first heap   total 237568K, used 72846K [0x0000000700000000, 0x0000000700100740, 0x00000007c0000000)
  region size 1024K, 1 young (1024K), 1 survivors (1024K)
 Metaspace       used 78530K, capacity 80984K, committed 85376K, reserved 1122304K
  class space    used 10437K, capacity 10926K, committed 11904K, reserved 1048576K
}
Event: 3690.364 GC heap before
{Heap before GC invocations=260 (full 95):
 garbage-first heap   total 237568K, used 133262K [0x0000000700000000, 0x0000000700100740, 0x00000007c0000000)
  region size 1024K, 60 young (61440K), 1 survivors (1024K)
 Metaspace       used 78581K, capacity 81048K, committed 85376K, reserved 1122304K
  class space    used 10437K, capacity 10926K, committed 11904K, reserved 1048576K
}
Event: 3690.368 GC heap after
{Heap after GC invocations=261 (full 95):
 garbage-first heap   total 237568K, used 72927K [0x0000000700000000, 0x0000000700100740, 0x00000007c0000000)
  region size 1024K, 1 young (1024K), 1 survivors (1024K)
 Metaspace       used 78581K, capacity 81048K, committed 85376K, reserved 1122304K
  class space    used 10437K, capacity 10926K, committed 11904K, reserved 1048576K
}

