# JRE version: Java(TM) SE Runtime Environment (9.0+11) (build 9.0.4+11)
# Java VM: Java HotSpot(TM) 64-Bit Server VM (9.0.4+11, mixed mode, tiered, compressed oops, g1 gc, windows-amd64)
Heap:
 garbage-first heap   total 219136K, used 124055K [0x0000000700000000, 0x00000007001006b0, 0x00000007c0000000)
  region size 1024K, 55 young (56320K), 1 survivors (1024K)
 Metaspace       used 79239K, capacity 81752K, committed 86528K, reserved 1124352K
  class space    used 10312K, capacity 10808K, committed 11776K, reserved 1048576K
GC Heap History (10 events):
Event: 7406.909 GC heap before
{Heap before GC invocations=2031 (full 1522):
 garbage-first heap   total 219136K, used 130195K [0x0000000700000000, 0x00000007001006b0, 0x00000007c0000000)
  region size 1024K, 60 young (61440K), 1 survivors (1024K)
 Metaspace       used 79230K, capacity 81752K, committed 86528K, reserved 1124352K
  class space    used 10312K, capacity 10808K, committed 11776K, reserved 1048576K
}
Event: 7406.913 GC heap after
{Heap after GC invocations=2032 (full 1522):
 garbage-first heap   total 219136K, used 69827K [0x0000000700000000, 0x00000007001006b0, 0x00000007c0000000)
  region size 1024K, 1 young (1024K), 1 survivors (1024K)
 Metaspace       used 79230K, capacity 81752K, committed 86528K, reserved 1124352K
  class space    used 10312K, capacity 10808K, committed 11776K, reserved 1048576K
}
Event: 7411.662 GC heap before
{Heap before GC invocations=2032 (full 1522):
 garbage-first heap   total 219136K, used 130243K [0x0000000700000000, 0x00000007001006b0, 0x00000007c0000000)
  region size 1024K, 60 young (61440K), 1 survivors (1024K)
 Metaspace       used 79233K, capacity 81752K, committed 86528K, reserved 1124352K
  class space    used 10312K, capacity 10808K, committed 11776K, reserved 1048576K
}
Event: 7411.666 GC heap after
{Heap after GC invocations=2033 (full 1522):
 garbage-first heap   total 219136K, used 69938K [0x0000000700000000, 0x00000007001006b0, 0x00000007c0000000)
  region size 1024K, 1 young (1024K), 1 survivors (1024K)
 Metaspace       used 79233K, capacity 81752K, committed 86528K, reserved 1124352K
  class space    used 10312K, capacity 10808K, committed 11776K, reserved 1048576K
}
Event: 7412.607 GC heap before
{Heap before GC invocations=2033 (full 1522):
 garbage-first heap   total 219136K, used 130354K [0x0000000700000000, 0x00000007001006b0, 0x00000007c0000000)
  region size 1024K, 60 young (61440K), 1 survivors (1024K)
 Metaspace       used 79239K, capacity 81752K, committed 86528K, reserved 1124352K
  class space    used 10312K, capacity 10808K, committed 11776K, reserved 1048576K
}
Event: 7412.611 GC heap after
{Heap after GC invocations=2034 (full 1522):
 garbage-first heap   total 219136K, used 70011K [0x0000000700000000, 0x00000007001006b0, 0x00000007c0000000)
  region size 1024K, 1 young (1024K), 1 survivors (1024K)
 Metaspace       used 79239K, capacity 81752K, committed 86528K, reserved 1124352K
  class space    used 10312K, capacity 10808K, committed 11776K, reserved 1048576K
}
Event: 7413.807 GC heap before
{Heap before GC invocations=2034 (full 1522):
 garbage-first heap   total 219136K, used 130427K [0x0000000700000000, 0x00000007001006b0, 0x00000007c0000000)
  region size 1024K, 60 young (61440K), 1 survivors (1024K)
 Metaspace       used 79239K, capacity 81752K, committed 86528K, reserved 1124352K
  class space    used 10312K, capacity 10808K, committed 11776K, reserved 1048576K
}
Event: 7413.813 GC heap after
{Heap after GC invocations=2035 (full 1522):
 garbage-first heap   total 219136K, used 69759K [0x0000000700000000, 0x00000007001006b0, 0x00000007c0000000)
  region size 1024K, 1 young (1024K), 1 survivors (1024K)
 Metaspace       used 79239K, capacity 81752K, committed 86528K, reserved 1124352K
  class space    used 10312K, capacity 10808K, committed 11776K, reserved 1048576K
}
Event: 7414.480 GC heap before
{Heap before GC invocations=2035 (full 1522):
 garbage-first heap   total 219136K, used 130175K [0x0000000700000000, 0x00000007001006b0, 0x00000007c0000000)
  region size 1024K, 60 young (61440K), 1 survivors (1024K)
 Metaspace       used 79239K, capacity 81752K, committed 86528K, reserved 1124352K
  class space    used 10312K, capacity 10808K, committed 11776K, reserved 1048576K
}
Event: 7414.483 GC heap after
{Heap after GC invocations=2036 (full 1522):
 garbage-first heap   total 219136K, used 69783K [0x0000000700000000, 0x00000007001006b0, 0x00000007c0000000)
  region size 1024K, 1 young (1024K), 1 survivors (1024K)
 Metaspace       used 79239K, capacity 81752K, committed 86528K, reserved 1124352K
  class space    used 10312K, capacity 10808K, committed 11776K, reserved 1048576K
}

